  GameEngine.cpp
  Hitbox.cpp
  KeyboardIn.cpp
C:\Users\Logan\source\repos\Raid-Engine\GameEngine\KeyboardIn.cpp(13,78): warning C4244: '=': conversion from 'float' to 'int', possible loss of data
  KeyboardOut.cpp
  Render.cpp
C:\Users\Logan\source\repos\Raid-Engine\GameEngine\Render.cpp(38,37): warning C4244: 'argument': conversion from '_Ty2' to 'float', possible loss of data
          with
          [
              _Ty2=int
          ]
C:\Users\Logan\source\repos\Raid-Engine\GameEngine\Render.cpp(38,27): warning C4244: 'argument': conversion from '_Ty2' to 'float', possible loss of data
          with
          [
              _Ty2=int
          ]
  Game.cpp
  Controls.cpp
  GameObject.cpp
  Sound.cpp
  Generating Code...
  GameEngine.vcxproj -> C:\Users\Logan\source\repos\Raid-Engine\Debug\GameEngine.exe
